Start testing: Sep 05 23:02 UTC
----------------------------------------------------------
1/1 Testing: coil_analyzer_core_tests
1/1 Test: coil_analyzer_core_tests
Command: "/home/runner/work/ESP32-S3-Coil-Machine-Analyzer/ESP32-S3-Coil-Machine-Analyzer/lib/coil_analyzer_core/build/coil_analyzer_core_tests"
Directory: /home/runner/work/ESP32-S3-Coil-Machine-Analyzer/ESP32-S3-Coil-Machine-Analyzer/lib/coil_analyzer_core/build
"coil_analyzer_core_tests" start time: Sep 05 23:02 UTC
Output:
----------------------------------------------------------
All coil_analyzer_core tests passed
<end of output>
Test time =   0.18 sec
----------------------------------------------------------
Test Passed.
"coil_analyzer_core_tests" end time: Sep 05 23:03 UTC
"coil_analyzer_core_tests" time elapsed: 00:00:00
----------------------------------------------------------

End testing: Sep 05 23:03 UTC
